[0.013s] Invoking command in '/home/prabhakar/sandBox/proto3_ws/build/proto3_controller': AMENT_PREFIX_PATH=/home/prabhakar/sandBox/proto3_ws/install/proto3_description:${AMENT_PREFIX_PATH} CMAKE_PREFIX_PATH=/home/prabhakar/sandBox/proto3_ws/install/proto3_description:/opt/ros/humble /usr/bin/cmake /home/prabhakar/sandBox/proto3_ws/src/proto3_controller -DCMAKE_INSTALL_PREFIX=/home/prabhakar/sandBox/proto3_ws/install/proto3_controller
[0.099s] -- The C compiler identification is GNU 11.4.0
[0.189s] -- The CXX compiler identification is GNU 11.4.0
[0.204s] -- Detecting C compiler ABI info
[0.322s] -- Detecting C compiler ABI info - done
[0.345s] -- Check for working C compiler: /usr/bin/cc - skipped
[0.345s] -- Detecting C compile features
[0.347s] -- Detecting C compile features - done
[0.355s] -- Detecting CXX compiler ABI info
[0.495s] -- Detecting CXX compiler ABI info - done
[0.518s] -- Check for working CXX compiler: /usr/bin/c++ - skipped
[0.519s] -- Detecting CXX compile features
[0.520s] -- Detecting CXX compile features - done
[0.528s] -- Found ament_cmake: 1.3.11 (/opt/ros/humble/share/ament_cmake/cmake)
[0.763s] -- Found Python3: /usr/bin/python3 (found version "3.10.12") found components: Interpreter 
[0.930s] -- Found ament_lint_auto: 0.12.12 (/opt/ros/humble/share/ament_lint_auto/cmake)
[1.071s] -- Added test 'flake8' to check Python code syntax and style conventions
[1.072s] -- Added test 'lint_cmake' to check CMake code style
[1.073s] -- Added test 'pep257' to check Python code against some of the docstring style conventions in PEP 257
[1.075s] -- Added test 'xmllint' to check XML markup files
[1.078s] -- Configuring done
[1.084s] -- Generating done
[1.088s] -- Build files have been written to: /home/prabhakar/sandBox/proto3_ws/build/proto3_controller
[1.096s] Invoked command in '/home/prabhakar/sandBox/proto3_ws/build/proto3_controller' returned '0': AMENT_PREFIX_PATH=/home/prabhakar/sandBox/proto3_ws/install/proto3_description:${AMENT_PREFIX_PATH} CMAKE_PREFIX_PATH=/home/prabhakar/sandBox/proto3_ws/install/proto3_description:/opt/ros/humble /usr/bin/cmake /home/prabhakar/sandBox/proto3_ws/src/proto3_controller -DCMAKE_INSTALL_PREFIX=/home/prabhakar/sandBox/proto3_ws/install/proto3_controller
[1.099s] Invoking command in '/home/prabhakar/sandBox/proto3_ws/build/proto3_controller': AMENT_PREFIX_PATH=/home/prabhakar/sandBox/proto3_ws/install/proto3_description:${AMENT_PREFIX_PATH} CMAKE_PREFIX_PATH=/home/prabhakar/sandBox/proto3_ws/install/proto3_description:/opt/ros/humble /usr/bin/cmake --build /home/prabhakar/sandBox/proto3_ws/build/proto3_controller -- -j12 -l12
[1.162s] Invoked command in '/home/prabhakar/sandBox/proto3_ws/build/proto3_controller' returned '0': AMENT_PREFIX_PATH=/home/prabhakar/sandBox/proto3_ws/install/proto3_description:${AMENT_PREFIX_PATH} CMAKE_PREFIX_PATH=/home/prabhakar/sandBox/proto3_ws/install/proto3_description:/opt/ros/humble /usr/bin/cmake --build /home/prabhakar/sandBox/proto3_ws/build/proto3_controller -- -j12 -l12
[1.166s] Invoking command in '/home/prabhakar/sandBox/proto3_ws/build/proto3_controller': AMENT_PREFIX_PATH=/home/prabhakar/sandBox/proto3_ws/install/proto3_description:${AMENT_PREFIX_PATH} CMAKE_PREFIX_PATH=/home/prabhakar/sandBox/proto3_ws/install/proto3_description:/opt/ros/humble /usr/bin/cmake --install /home/prabhakar/sandBox/proto3_ws/build/proto3_controller
[1.176s] -- Install configuration: ""
[1.176s] -- Installing: /home/prabhakar/sandBox/proto3_ws/install/proto3_controller/share/proto3_controller/config
[1.176s] -- Installing: /home/prabhakar/sandBox/proto3_ws/install/proto3_controller/share/proto3_controller/config/proto3_controllers.yaml
[1.177s] -- Installing: /home/prabhakar/sandBox/proto3_ws/install/proto3_controller/share/proto3_controller/launch
[1.177s] -- Installing: /home/prabhakar/sandBox/proto3_ws/install/proto3_controller/share/proto3_controller/launch/controller.launch.py
[1.177s] -- Installing: /home/prabhakar/sandBox/proto3_ws/install/proto3_controller/share/ament_index/resource_index/package_run_dependencies/proto3_controller
[1.177s] -- Installing: /home/prabhakar/sandBox/proto3_ws/install/proto3_controller/share/ament_index/resource_index/parent_prefix_path/proto3_controller
[1.178s] -- Installing: /home/prabhakar/sandBox/proto3_ws/install/proto3_controller/share/proto3_controller/environment/ament_prefix_path.sh
[1.178s] -- Installing: /home/prabhakar/sandBox/proto3_ws/install/proto3_controller/share/proto3_controller/environment/ament_prefix_path.dsv
[1.178s] -- Installing: /home/prabhakar/sandBox/proto3_ws/install/proto3_controller/share/proto3_controller/environment/path.sh
[1.178s] -- Installing: /home/prabhakar/sandBox/proto3_ws/install/proto3_controller/share/proto3_controller/environment/path.dsv
[1.179s] -- Installing: /home/prabhakar/sandBox/proto3_ws/install/proto3_controller/share/proto3_controller/local_setup.bash
[1.179s] -- Installing: /home/prabhakar/sandBox/proto3_ws/install/proto3_controller/share/proto3_controller/local_setup.sh
[1.179s] -- Installing: /home/prabhakar/sandBox/proto3_ws/install/proto3_controller/share/proto3_controller/local_setup.zsh
[1.179s] -- Installing: /home/prabhakar/sandBox/proto3_ws/install/proto3_controller/share/proto3_controller/local_setup.dsv
[1.180s] -- Installing: /home/prabhakar/sandBox/proto3_ws/install/proto3_controller/share/proto3_controller/package.dsv
[1.180s] -- Installing: /home/prabhakar/sandBox/proto3_ws/install/proto3_controller/share/ament_index/resource_index/packages/proto3_controller
[1.180s] -- Installing: /home/prabhakar/sandBox/proto3_ws/install/proto3_controller/share/proto3_controller/cmake/proto3_controllerConfig.cmake
[1.180s] -- Installing: /home/prabhakar/sandBox/proto3_ws/install/proto3_controller/share/proto3_controller/cmake/proto3_controllerConfig-version.cmake
[1.181s] -- Installing: /home/prabhakar/sandBox/proto3_ws/install/proto3_controller/share/proto3_controller/package.xml
[1.184s] Invoked command in '/home/prabhakar/sandBox/proto3_ws/build/proto3_controller' returned '0': AMENT_PREFIX_PATH=/home/prabhakar/sandBox/proto3_ws/install/proto3_description:${AMENT_PREFIX_PATH} CMAKE_PREFIX_PATH=/home/prabhakar/sandBox/proto3_ws/install/proto3_description:/opt/ros/humble /usr/bin/cmake --install /home/prabhakar/sandBox/proto3_ws/build/proto3_controller
