-- Install configuration: ""
-- Up-to-date: /home/prabhakar/sandBox/proto3_ws/install/proto3_description/share/proto3_description/launch
-- Up-to-date: /home/prabhakar/sandBox/proto3_ws/install/proto3_description/share/proto3_description/launch/gazebo.launch.py
-- Up-to-date: /home/prabhakar/sandBox/proto3_ws/install/proto3_description/share/proto3_description/launch/display.launch.py
-- Up-to-date: /home/prabhakar/sandBox/proto3_ws/install/proto3_description/share/proto3_description/meshes
-- Up-to-date: /home/prabhakar/sandBox/proto3_ws/install/proto3_description/share/proto3_description/meshes/L4.STL
-- Up-to-date: /home/prabhakar/sandBox/proto3_ws/install/proto3_description/share/proto3_description/meshes/L3.STL
-- Up-to-date: /home/prabhakar/sandBox/proto3_ws/install/proto3_description/share/proto3_description/meshes/L2.STL
-- Up-to-date: /home/prabhakar/sandBox/proto3_ws/install/proto3_description/share/proto3_description/meshes/L6.STL
-- Up-to-date: /home/prabhakar/sandBox/proto3_ws/install/proto3_description/share/proto3_description/meshes/L5.STL
-- Up-to-date: /home/prabhakar/sandBox/proto3_ws/install/proto3_description/share/proto3_description/meshes/L1.STL
-- Up-to-date: /home/prabhakar/sandBox/proto3_ws/install/proto3_description/share/proto3_description/meshes/L0.STL
-- Up-to-date: /home/prabhakar/sandBox/proto3_ws/install/proto3_description/share/proto3_description/meshes/camera.STL
-- Up-to-date: /home/prabhakar/sandBox/proto3_ws/install/proto3_description/share/proto3_description/urdf
-- Up-to-date: /home/prabhakar/sandBox/proto3_ws/install/proto3_description/share/proto3_description/urdf/proto3.urdf.xacro
-- Up-to-date: /home/prabhakar/sandBox/proto3_ws/install/proto3_description/share/proto3_description/urdf/proto3_ros2_control.xacro
-- Up-to-date: /home/prabhakar/sandBox/proto3_ws/install/proto3_description/share/proto3_description/urdf/proto3_gazebo.xacro
-- Up-to-date: /home/prabhakar/sandBox/proto3_ws/install/proto3_description/share/proto3_description/rviz
-- Up-to-date: /home/prabhakar/sandBox/proto3_ws/install/proto3_description/share/proto3_description/rviz/rviz_config_file.yaml
-- Up-to-date: /home/prabhakar/sandBox/proto3_ws/install/proto3_description/share/proto3_description/rviz/display.rviz
-- Up-to-date: /home/prabhakar/sandBox/proto3_ws/install/proto3_description/share/ament_index/resource_index/package_run_dependencies/proto3_description
-- Up-to-date: /home/prabhakar/sandBox/proto3_ws/install/proto3_description/share/ament_index/resource_index/parent_prefix_path/proto3_description
-- Up-to-date: /home/prabhakar/sandBox/proto3_ws/install/proto3_description/share/proto3_description/environment/ament_prefix_path.sh
-- Up-to-date: /home/prabhakar/sandBox/proto3_ws/install/proto3_description/share/proto3_description/environment/ament_prefix_path.dsv
-- Up-to-date: /home/prabhakar/sandBox/proto3_ws/install/proto3_description/share/proto3_description/environment/path.sh
-- Up-to-date: /home/prabhakar/sandBox/proto3_ws/install/proto3_description/share/proto3_description/environment/path.dsv
-- Up-to-date: /home/prabhakar/sandBox/proto3_ws/install/proto3_description/share/proto3_description/local_setup.bash
-- Up-to-date: /home/prabhakar/sandBox/proto3_ws/install/proto3_description/share/proto3_description/local_setup.sh
-- Up-to-date: /home/prabhakar/sandBox/proto3_ws/install/proto3_description/share/proto3_description/local_setup.zsh
-- Up-to-date: /home/prabhakar/sandBox/proto3_ws/install/proto3_description/share/proto3_description/local_setup.dsv
-- Up-to-date: /home/prabhakar/sandBox/proto3_ws/install/proto3_description/share/proto3_description/package.dsv
-- Up-to-date: /home/prabhakar/sandBox/proto3_ws/install/proto3_description/share/ament_index/resource_index/packages/proto3_description
-- Up-to-date: /home/prabhakar/sandBox/proto3_ws/install/proto3_description/share/proto3_description/cmake/proto3_descriptionConfig.cmake
-- Up-to-date: /home/prabhakar/sandBox/proto3_ws/install/proto3_description/share/proto3_description/cmake/proto3_descriptionConfig-version.cmake
-- Up-to-date: /home/prabhakar/sandBox/proto3_ws/install/proto3_description/share/proto3_description/package.xml
