[0.018s] Invoking command in '/home/prabhakar/sandBox/proto3_ws/build/proto3_description': CMAKE_PREFIX_PATH=/opt/ros/humble /usr/bin/cmake --build /home/prabhakar/sandBox/proto3_ws/build/proto3_description -- -j12 -l12
[0.075s] Invoked command in '/home/prabhakar/sandBox/proto3_ws/build/proto3_description' returned '0': CMAKE_PREFIX_PATH=/opt/ros/humble /usr/bin/cmake --build /home/prabhakar/sandBox/proto3_ws/build/proto3_description -- -j12 -l12
[0.089s] Invoking command in '/home/prabhakar/sandBox/proto3_ws/build/proto3_description': CMAKE_PREFIX_PATH=/opt/ros/humble /usr/bin/cmake --install /home/prabhakar/sandBox/proto3_ws/build/proto3_description
[0.101s] -- Install configuration: ""
[0.102s] -- Up-to-date: /home/prabhakar/sandBox/proto3_ws/install/proto3_description/share/proto3_description/launch
[0.102s] -- Up-to-date: /home/prabhakar/sandBox/proto3_ws/install/proto3_description/share/proto3_description/launch/gazebo.launch.py
[0.103s] -- Up-to-date: /home/prabhakar/sandBox/proto3_ws/install/proto3_description/share/proto3_description/launch/display.launch.py
[0.103s] -- Up-to-date: /home/prabhakar/sandBox/proto3_ws/install/proto3_description/share/proto3_description/meshes
[0.103s] -- Up-to-date: /home/prabhakar/sandBox/proto3_ws/install/proto3_description/share/proto3_description/meshes/L4.STL
[0.104s] -- Up-to-date: /home/prabhakar/sandBox/proto3_ws/install/proto3_description/share/proto3_description/meshes/L3.STL
[0.104s] -- Up-to-date: /home/prabhakar/sandBox/proto3_ws/install/proto3_description/share/proto3_description/meshes/L2.STL
[0.104s] -- Up-to-date: /home/prabhakar/sandBox/proto3_ws/install/proto3_description/share/proto3_description/meshes/L6.STL
[0.105s] -- Up-to-date: /home/prabhakar/sandBox/proto3_ws/install/proto3_description/share/proto3_description/meshes/L5.STL
[0.106s] -- Up-to-date: /home/prabhakar/sandBox/proto3_ws/install/proto3_description/share/proto3_description/meshes/L1.STL
[0.106s] -- Up-to-date: /home/prabhakar/sandBox/proto3_ws/install/proto3_description/share/proto3_description/meshes/L0.STL
[0.107s] -- Up-to-date: /home/prabhakar/sandBox/proto3_ws/install/proto3_description/share/proto3_description/meshes/camera.STL
[0.108s] -- Up-to-date: /home/prabhakar/sandBox/proto3_ws/install/proto3_description/share/proto3_description/urdf
[0.108s] -- Up-to-date: /home/prabhakar/sandBox/proto3_ws/install/proto3_description/share/proto3_description/urdf/proto3.urdf.xacro
[0.108s] -- Up-to-date: /home/prabhakar/sandBox/proto3_ws/install/proto3_description/share/proto3_description/urdf/proto3_ros2_control.xacro
[0.109s] -- Up-to-date: /home/prabhakar/sandBox/proto3_ws/install/proto3_description/share/proto3_description/urdf/proto3_gazebo.xacro
[0.109s] -- Up-to-date: /home/prabhakar/sandBox/proto3_ws/install/proto3_description/share/proto3_description/rviz
[0.109s] -- Up-to-date: /home/prabhakar/sandBox/proto3_ws/install/proto3_description/share/proto3_description/rviz/rviz_config_file.yaml
[0.110s] -- Up-to-date: /home/prabhakar/sandBox/proto3_ws/install/proto3_description/share/proto3_description/rviz/display.rviz
[0.110s] -- Up-to-date: /home/prabhakar/sandBox/proto3_ws/install/proto3_description/share/ament_index/resource_index/package_run_dependencies/proto3_description
[0.111s] -- Up-to-date: /home/prabhakar/sandBox/proto3_ws/install/proto3_description/share/ament_index/resource_index/parent_prefix_path/proto3_description
[0.112s] -- Up-to-date: /home/prabhakar/sandBox/proto3_ws/install/proto3_description/share/proto3_description/environment/ament_prefix_path.sh
[0.112s] -- Up-to-date: /home/prabhakar/sandBox/proto3_ws/install/proto3_description/share/proto3_description/environment/ament_prefix_path.dsv
[0.112s] -- Up-to-date: /home/prabhakar/sandBox/proto3_ws/install/proto3_description/share/proto3_description/environment/path.sh
[0.113s] -- Up-to-date: /home/prabhakar/sandBox/proto3_ws/install/proto3_description/share/proto3_description/environment/path.dsv
[0.113s] -- Up-to-date: /home/prabhakar/sandBox/proto3_ws/install/proto3_description/share/proto3_description/local_setup.bash
[0.113s] -- Up-to-date: /home/prabhakar/sandBox/proto3_ws/install/proto3_description/share/proto3_description/local_setup.sh
[0.114s] -- Up-to-date: /home/prabhakar/sandBox/proto3_ws/install/proto3_description/share/proto3_description/local_setup.zsh
[0.115s] -- Up-to-date: /home/prabhakar/sandBox/proto3_ws/install/proto3_description/share/proto3_description/local_setup.dsv
[0.115s] -- Up-to-date: /home/prabhakar/sandBox/proto3_ws/install/proto3_description/share/proto3_description/package.dsv
[0.115s] -- Up-to-date: /home/prabhakar/sandBox/proto3_ws/install/proto3_description/share/ament_index/resource_index/packages/proto3_description
[0.116s] -- Up-to-date: /home/prabhakar/sandBox/proto3_ws/install/proto3_description/share/proto3_description/cmake/proto3_descriptionConfig.cmake
[0.116s] -- Up-to-date: /home/prabhakar/sandBox/proto3_ws/install/proto3_description/share/proto3_description/cmake/proto3_descriptionConfig-version.cmake
[0.117s] -- Up-to-date: /home/prabhakar/sandBox/proto3_ws/install/proto3_description/share/proto3_description/package.xml
[0.138s] Invoked command in '/home/prabhakar/sandBox/proto3_ws/build/proto3_description' returned '0': CMAKE_PREFIX_PATH=/opt/ros/humble /usr/bin/cmake --install /home/prabhakar/sandBox/proto3_ws/build/proto3_description
