-- Install configuration: ""
-- Up-to-date: /home/prabhakar/sandBox/proto3_ws/install/proto3_moveit/share/proto3_moveit/launch
-- Up-to-date: /home/prabhakar/sandBox/proto3_ws/install/proto3_moveit/share/proto3_moveit/launch/moveit.launch.py
-- Up-to-date: /home/prabhakar/sandBox/proto3_ws/install/proto3_moveit/share/proto3_moveit/config
-- Up-to-date: /home/prabhakar/sandBox/proto3_ws/install/proto3_moveit/share/proto3_moveit/config/joint_limits.yaml
-- Up-to-date: /home/prabhakar/sandBox/proto3_ws/install/proto3_moveit/share/proto3_moveit/config/kinematics.yaml
-- Up-to-date: /home/prabhakar/sandBox/proto3_ws/install/proto3_moveit/share/proto3_moveit/config/initial_positions.yaml
-- Up-to-date: /home/prabhakar/sandBox/proto3_ws/install/proto3_moveit/share/proto3_moveit/config/proto3.srdf
-- Up-to-date: /home/prabhakar/sandBox/proto3_ws/install/proto3_moveit/share/proto3_moveit/config/moveit_controllers.yaml
-- Up-to-date: /home/prabhakar/sandBox/proto3_ws/install/proto3_moveit/share/proto3_moveit/config/pilz_cartesian_limits.yaml
-- Up-to-date: /home/prabhakar/sandBox/proto3_ws/install/proto3_moveit/share/ament_index/resource_index/package_run_dependencies/proto3_moveit
-- Up-to-date: /home/prabhakar/sandBox/proto3_ws/install/proto3_moveit/share/ament_index/resource_index/parent_prefix_path/proto3_moveit
-- Up-to-date: /home/prabhakar/sandBox/proto3_ws/install/proto3_moveit/share/proto3_moveit/environment/ament_prefix_path.sh
-- Up-to-date: /home/prabhakar/sandBox/proto3_ws/install/proto3_moveit/share/proto3_moveit/environment/ament_prefix_path.dsv
-- Up-to-date: /home/prabhakar/sandBox/proto3_ws/install/proto3_moveit/share/proto3_moveit/environment/path.sh
-- Up-to-date: /home/prabhakar/sandBox/proto3_ws/install/proto3_moveit/share/proto3_moveit/environment/path.dsv
-- Up-to-date: /home/prabhakar/sandBox/proto3_ws/install/proto3_moveit/share/proto3_moveit/local_setup.bash
-- Up-to-date: /home/prabhakar/sandBox/proto3_ws/install/proto3_moveit/share/proto3_moveit/local_setup.sh
-- Up-to-date: /home/prabhakar/sandBox/proto3_ws/install/proto3_moveit/share/proto3_moveit/local_setup.zsh
-- Up-to-date: /home/prabhakar/sandBox/proto3_ws/install/proto3_moveit/share/proto3_moveit/local_setup.dsv
-- Up-to-date: /home/prabhakar/sandBox/proto3_ws/install/proto3_moveit/share/proto3_moveit/package.dsv
-- Up-to-date: /home/prabhakar/sandBox/proto3_ws/install/proto3_moveit/share/ament_index/resource_index/packages/proto3_moveit
-- Up-to-date: /home/prabhakar/sandBox/proto3_ws/install/proto3_moveit/share/proto3_moveit/cmake/proto3_moveitConfig.cmake
-- Up-to-date: /home/prabhakar/sandBox/proto3_ws/install/proto3_moveit/share/proto3_moveit/cmake/proto3_moveitConfig-version.cmake
-- Up-to-date: /home/prabhakar/sandBox/proto3_ws/install/proto3_moveit/share/proto3_moveit/package.xml
