[0.015s] Invoking command in '/home/prabhakar/sandBox/proto3_ws/build/proto3_moveit': CMAKE_PREFIX_PATH=/opt/ros/humble /usr/bin/cmake --build /home/prabhakar/sandBox/proto3_ws/build/proto3_moveit -- -j12 -l12
[0.083s] Invoked command in '/home/prabhakar/sandBox/proto3_ws/build/proto3_moveit' returned '0': CMAKE_PREFIX_PATH=/opt/ros/humble /usr/bin/cmake --build /home/prabhakar/sandBox/proto3_ws/build/proto3_moveit -- -j12 -l12
[0.085s] Invoking command in '/home/prabhakar/sandBox/proto3_ws/build/proto3_moveit': CMAKE_PREFIX_PATH=/opt/ros/humble /usr/bin/cmake --install /home/prabhakar/sandBox/proto3_ws/build/proto3_moveit
[0.109s] -- Install configuration: ""
[0.110s] -- Up-to-date: /home/prabhakar/sandBox/proto3_ws/install/proto3_moveit/share/proto3_moveit/launch
[0.110s] -- Up-to-date: /home/prabhakar/sandBox/proto3_ws/install/proto3_moveit/share/proto3_moveit/launch/moveit.launch.py
[0.111s] -- Up-to-date: /home/prabhakar/sandBox/proto3_ws/install/proto3_moveit/share/proto3_moveit/config
[0.112s] -- Up-to-date: /home/prabhakar/sandBox/proto3_ws/install/proto3_moveit/share/proto3_moveit/config/joint_limits.yaml
[0.112s] -- Up-to-date: /home/prabhakar/sandBox/proto3_ws/install/proto3_moveit/share/proto3_moveit/config/kinematics.yaml
[0.113s] -- Up-to-date: /home/prabhakar/sandBox/proto3_ws/install/proto3_moveit/share/proto3_moveit/config/initial_positions.yaml
[0.113s] -- Up-to-date: /home/prabhakar/sandBox/proto3_ws/install/proto3_moveit/share/proto3_moveit/config/proto3.srdf
[0.114s] -- Up-to-date: /home/prabhakar/sandBox/proto3_ws/install/proto3_moveit/share/proto3_moveit/config/moveit_controllers.yaml
[0.115s] -- Up-to-date: /home/prabhakar/sandBox/proto3_ws/install/proto3_moveit/share/proto3_moveit/config/pilz_cartesian_limits.yaml
[0.116s] -- Up-to-date: /home/prabhakar/sandBox/proto3_ws/install/proto3_moveit/share/ament_index/resource_index/package_run_dependencies/proto3_moveit
[0.119s] -- Up-to-date: /home/prabhakar/sandBox/proto3_ws/install/proto3_moveit/share/ament_index/resource_index/parent_prefix_path/proto3_moveit
[0.120s] -- Up-to-date: /home/prabhakar/sandBox/proto3_ws/install/proto3_moveit/share/proto3_moveit/environment/ament_prefix_path.sh
[0.120s] -- Up-to-date: /home/prabhakar/sandBox/proto3_ws/install/proto3_moveit/share/proto3_moveit/environment/ament_prefix_path.dsv
[0.121s] -- Up-to-date: /home/prabhakar/sandBox/proto3_ws/install/proto3_moveit/share/proto3_moveit/environment/path.sh
[0.121s] -- Up-to-date: /home/prabhakar/sandBox/proto3_ws/install/proto3_moveit/share/proto3_moveit/environment/path.dsv
[0.122s] -- Up-to-date: /home/prabhakar/sandBox/proto3_ws/install/proto3_moveit/share/proto3_moveit/local_setup.bash
[0.123s] -- Up-to-date: /home/prabhakar/sandBox/proto3_ws/install/proto3_moveit/share/proto3_moveit/local_setup.sh
[0.125s] -- Up-to-date: /home/prabhakar/sandBox/proto3_ws/install/proto3_moveit/share/proto3_moveit/local_setup.zsh
[0.126s] -- Up-to-date: /home/prabhakar/sandBox/proto3_ws/install/proto3_moveit/share/proto3_moveit/local_setup.dsv
[0.126s] -- Up-to-date: /home/prabhakar/sandBox/proto3_ws/install/proto3_moveit/share/proto3_moveit/package.dsv
[0.127s] -- Up-to-date: /home/prabhakar/sandBox/proto3_ws/install/proto3_moveit/share/ament_index/resource_index/packages/proto3_moveit
[0.129s] -- Up-to-date: /home/prabhakar/sandBox/proto3_ws/install/proto3_moveit/share/proto3_moveit/cmake/proto3_moveitConfig.cmake
[0.129s] -- Up-to-date: /home/prabhakar/sandBox/proto3_ws/install/proto3_moveit/share/proto3_moveit/cmake/proto3_moveitConfig-version.cmake
[0.129s] -- Up-to-date: /home/prabhakar/sandBox/proto3_ws/install/proto3_moveit/share/proto3_moveit/package.xml
[0.157s] Invoked command in '/home/prabhakar/sandBox/proto3_ws/build/proto3_moveit' returned '0': CMAKE_PREFIX_PATH=/opt/ros/humble /usr/bin/cmake --install /home/prabhakar/sandBox/proto3_ws/build/proto3_moveit
