[0.013s] Invoking command in '/home/prabhakar/sandBox/proto3_ws/build/proto3_moveit': CMAKE_PREFIX_PATH=/opt/ros/humble /usr/bin/cmake /home/prabhakar/sandBox/proto3_ws/src/proto3_moveit -DCMAKE_INSTALL_PREFIX=/home/prabhakar/sandBox/proto3_ws/install/proto3_moveit
[0.142s] -- The C compiler identification is GNU 11.4.0
[0.274s] -- The CXX compiler identification is GNU 11.4.0
[0.286s] -- Detecting C compiler ABI info
[0.399s] -- Detecting C compiler ABI info - done
[0.421s] -- Check for working C compiler: /usr/bin/cc - skipped
[0.422s] -- Detecting C compile features
[0.423s] -- Detecting C compile features - done
[0.431s] -- Detecting CXX compiler ABI info
[0.557s] -- Detecting CXX compiler ABI info - done
[0.580s] -- Check for working CXX compiler: /usr/bin/c++ - skipped
[0.581s] -- Detecting CXX compile features
[0.582s] -- Detecting CXX compile features - done
[0.589s] -- Found ament_cmake: 1.3.11 (/opt/ros/humble/share/ament_cmake/cmake)
[0.819s] -- Found Python3: /usr/bin/python3 (found version "3.10.12") found components: Interpreter 
[0.978s] -- Found ament_lint_auto: 0.12.12 (/opt/ros/humble/share/ament_lint_auto/cmake)
[1.114s] -- Added test 'flake8' to check Python code syntax and style conventions
[1.116s] -- Added test 'lint_cmake' to check CMake code style
[1.117s] -- Added test 'pep257' to check Python code against some of the docstring style conventions in PEP 257
[1.120s] -- Added test 'xmllint' to check XML markup files
[1.122s] -- Configuring done
[1.128s] -- Generating done
[1.131s] -- Build files have been written to: /home/prabhakar/sandBox/proto3_ws/build/proto3_moveit
[1.139s] Invoked command in '/home/prabhakar/sandBox/proto3_ws/build/proto3_moveit' returned '0': CMAKE_PREFIX_PATH=/opt/ros/humble /usr/bin/cmake /home/prabhakar/sandBox/proto3_ws/src/proto3_moveit -DCMAKE_INSTALL_PREFIX=/home/prabhakar/sandBox/proto3_ws/install/proto3_moveit
[1.143s] Invoking command in '/home/prabhakar/sandBox/proto3_ws/build/proto3_moveit': CMAKE_PREFIX_PATH=/opt/ros/humble /usr/bin/cmake --build /home/prabhakar/sandBox/proto3_ws/build/proto3_moveit -- -j12 -l12
[1.204s] Invoked command in '/home/prabhakar/sandBox/proto3_ws/build/proto3_moveit' returned '0': CMAKE_PREFIX_PATH=/opt/ros/humble /usr/bin/cmake --build /home/prabhakar/sandBox/proto3_ws/build/proto3_moveit -- -j12 -l12
[1.219s] Invoking command in '/home/prabhakar/sandBox/proto3_ws/build/proto3_moveit': CMAKE_PREFIX_PATH=/opt/ros/humble /usr/bin/cmake --install /home/prabhakar/sandBox/proto3_ws/build/proto3_moveit
[1.234s] -- Install configuration: ""
[1.234s] -- Installing: /home/prabhakar/sandBox/proto3_ws/install/proto3_moveit/share/proto3_moveit/launch
[1.234s] -- Installing: /home/prabhakar/sandBox/proto3_ws/install/proto3_moveit/share/proto3_moveit/launch/moveit.launch.py
[1.234s] -- Installing: /home/prabhakar/sandBox/proto3_ws/install/proto3_moveit/share/proto3_moveit/config
[1.234s] -- Installing: /home/prabhakar/sandBox/proto3_ws/install/proto3_moveit/share/proto3_moveit/config/joint_limits.yaml
[1.235s] -- Installing: /home/prabhakar/sandBox/proto3_ws/install/proto3_moveit/share/proto3_moveit/config/kinematics.yaml
[1.235s] -- Installing: /home/prabhakar/sandBox/proto3_ws/install/proto3_moveit/share/proto3_moveit/config/initial_positions.yaml
[1.235s] -- Installing: /home/prabhakar/sandBox/proto3_ws/install/proto3_moveit/share/proto3_moveit/config/proto3.srdf
[1.235s] -- Installing: /home/prabhakar/sandBox/proto3_ws/install/proto3_moveit/share/proto3_moveit/config/moveit_controllers.yaml
[1.235s] -- Installing: /home/prabhakar/sandBox/proto3_ws/install/proto3_moveit/share/proto3_moveit/config/pilz_cartesian_limits.yaml
[1.236s] -- Installing: /home/prabhakar/sandBox/proto3_ws/install/proto3_moveit/share/ament_index/resource_index/package_run_dependencies/proto3_moveit
[1.236s] -- Installing: /home/prabhakar/sandBox/proto3_ws/install/proto3_moveit/share/ament_index/resource_index/parent_prefix_path/proto3_moveit
[1.236s] -- Installing: /home/prabhakar/sandBox/proto3_ws/install/proto3_moveit/share/proto3_moveit/environment/ament_prefix_path.sh
[1.236s] -- Installing: /home/prabhakar/sandBox/proto3_ws/install/proto3_moveit/share/proto3_moveit/environment/ament_prefix_path.dsv
[1.237s] -- Installing: /home/prabhakar/sandBox/proto3_ws/install/proto3_moveit/share/proto3_moveit/environment/path.sh
[1.237s] -- Installing: /home/prabhakar/sandBox/proto3_ws/install/proto3_moveit/share/proto3_moveit/environment/path.dsv
[1.237s] -- Installing: /home/prabhakar/sandBox/proto3_ws/install/proto3_moveit/share/proto3_moveit/local_setup.bash
[1.237s] -- Installing: /home/prabhakar/sandBox/proto3_ws/install/proto3_moveit/share/proto3_moveit/local_setup.sh
[1.237s] -- Installing: /home/prabhakar/sandBox/proto3_ws/install/proto3_moveit/share/proto3_moveit/local_setup.zsh
[1.237s] -- Installing: /home/prabhakar/sandBox/proto3_ws/install/proto3_moveit/share/proto3_moveit/local_setup.dsv
[1.238s] -- Installing: /home/prabhakar/sandBox/proto3_ws/install/proto3_moveit/share/proto3_moveit/package.dsv
[1.238s] -- Installing: /home/prabhakar/sandBox/proto3_ws/install/proto3_moveit/share/ament_index/resource_index/packages/proto3_moveit
[1.238s] -- Installing: /home/prabhakar/sandBox/proto3_ws/install/proto3_moveit/share/proto3_moveit/cmake/proto3_moveitConfig.cmake
[1.238s] -- Installing: /home/prabhakar/sandBox/proto3_ws/install/proto3_moveit/share/proto3_moveit/cmake/proto3_moveitConfig-version.cmake
[1.239s] -- Installing: /home/prabhakar/sandBox/proto3_ws/install/proto3_moveit/share/proto3_moveit/package.xml
[1.240s] Invoked command in '/home/prabhakar/sandBox/proto3_ws/build/proto3_moveit' returned '0': CMAKE_PREFIX_PATH=/opt/ros/humble /usr/bin/cmake --install /home/prabhakar/sandBox/proto3_ws/build/proto3_moveit
