[0.017s] Invoking command in '/home/prabhakar/sandBox/proto3_ws/build/proto3_description': CMAKE_PREFIX_PATH=/opt/ros/humble /usr/bin/cmake /home/prabhakar/sandBox/proto3_ws/src/proto3_description -DCMAKE_INSTALL_PREFIX=/home/prabhakar/sandBox/proto3_ws/install/proto3_description
[0.150s] -- The C compiler identification is GNU 11.4.0
[0.284s] -- The CXX compiler identification is GNU 11.4.0
[0.301s] -- Detecting C compiler ABI info
[0.409s] -- Detecting C compiler ABI info - done
[0.422s] -- Check for working C compiler: /usr/bin/cc - skipped
[0.423s] -- Detecting C compile features
[0.424s] -- Detecting C compile features - done
[0.429s] -- Detecting CXX compiler ABI info
[0.557s] -- Detecting CXX compiler ABI info - done
[0.580s] -- Check for working CXX compiler: /usr/bin/c++ - skipped
[0.581s] -- Detecting CXX compile features
[0.583s] -- Detecting CXX compile features - done
[0.591s] -- Found ament_cmake: 1.3.11 (/opt/ros/humble/share/ament_cmake/cmake)
[0.838s] -- Found Python3: /usr/bin/python3 (found version "3.10.12") found components: Interpreter 
[0.993s] -- Found ament_lint_auto: 0.12.12 (/opt/ros/humble/share/ament_lint_auto/cmake)
[1.140s] -- Added test 'copyright' to check source files copyright and LICENSE
[1.148s] -- Added test 'flake8' to check Python code syntax and style conventions
[1.152s] -- Added test 'lint_cmake' to check CMake code style
[1.152s] -- Added test 'pep257' to check Python code against some of the docstring style conventions in PEP 257
[1.153s] -- Added test 'xmllint' to check XML markup files
[1.156s] -- Configuring done
[1.162s] -- Generating done
[1.166s] -- Build files have been written to: /home/prabhakar/sandBox/proto3_ws/build/proto3_description
[1.174s] Invoked command in '/home/prabhakar/sandBox/proto3_ws/build/proto3_description' returned '0': CMAKE_PREFIX_PATH=/opt/ros/humble /usr/bin/cmake /home/prabhakar/sandBox/proto3_ws/src/proto3_description -DCMAKE_INSTALL_PREFIX=/home/prabhakar/sandBox/proto3_ws/install/proto3_description
[1.177s] Invoking command in '/home/prabhakar/sandBox/proto3_ws/build/proto3_description': CMAKE_PREFIX_PATH=/opt/ros/humble /usr/bin/cmake --build /home/prabhakar/sandBox/proto3_ws/build/proto3_description -- -j12 -l12
[1.236s] Invoked command in '/home/prabhakar/sandBox/proto3_ws/build/proto3_description' returned '0': CMAKE_PREFIX_PATH=/opt/ros/humble /usr/bin/cmake --build /home/prabhakar/sandBox/proto3_ws/build/proto3_description -- -j12 -l12
[1.241s] Invoking command in '/home/prabhakar/sandBox/proto3_ws/build/proto3_description': CMAKE_PREFIX_PATH=/opt/ros/humble /usr/bin/cmake --install /home/prabhakar/sandBox/proto3_ws/build/proto3_description
[1.252s] -- Install configuration: ""
[1.253s] -- Installing: /home/prabhakar/sandBox/proto3_ws/install/proto3_description/share/proto3_description/launch
[1.254s] -- Installing: /home/prabhakar/sandBox/proto3_ws/install/proto3_description/share/proto3_description/launch/gazebo.launch.py
[1.254s] -- Installing: /home/prabhakar/sandBox/proto3_ws/install/proto3_description/share/proto3_description/launch/display.launch.py
[1.254s] -- Installing: /home/prabhakar/sandBox/proto3_ws/install/proto3_description/share/proto3_description/meshes
[1.255s] -- Installing: /home/prabhakar/sandBox/proto3_ws/install/proto3_description/share/proto3_description/meshes/L4.STL
[1.257s] -- Installing: /home/prabhakar/sandBox/proto3_ws/install/proto3_description/share/proto3_description/meshes/L3.STL
[1.261s] -- Installing: /home/prabhakar/sandBox/proto3_ws/install/proto3_description/share/proto3_description/meshes/L2.STL
[1.263s] -- Installing: /home/prabhakar/sandBox/proto3_ws/install/proto3_description/share/proto3_description/meshes/L6.STL
[1.264s] -- Installing: /home/prabhakar/sandBox/proto3_ws/install/proto3_description/share/proto3_description/meshes/L5.STL
[1.269s] -- Installing: /home/prabhakar/sandBox/proto3_ws/install/proto3_description/share/proto3_description/meshes/L1.STL
[1.273s] -- Installing: /home/prabhakar/sandBox/proto3_ws/install/proto3_description/share/proto3_description/meshes/L0.STL
[1.277s] -- Installing: /home/prabhakar/sandBox/proto3_ws/install/proto3_description/share/proto3_description/meshes/camera.STL
[1.278s] -- Installing: /home/prabhakar/sandBox/proto3_ws/install/proto3_description/share/proto3_description/urdf
[1.278s] -- Installing: /home/prabhakar/sandBox/proto3_ws/install/proto3_description/share/proto3_description/urdf/proto3.urdf.xacro
[1.279s] -- Installing: /home/prabhakar/sandBox/proto3_ws/install/proto3_description/share/proto3_description/urdf/proto3_ros2_control.xacro
[1.279s] -- Installing: /home/prabhakar/sandBox/proto3_ws/install/proto3_description/share/proto3_description/urdf/proto3_gazebo.xacro
[1.280s] -- Installing: /home/prabhakar/sandBox/proto3_ws/install/proto3_description/share/proto3_description/rviz
[1.281s] -- Installing: /home/prabhakar/sandBox/proto3_ws/install/proto3_description/share/proto3_description/rviz/rviz_config_file.yaml
[1.281s] -- Installing: /home/prabhakar/sandBox/proto3_ws/install/proto3_description/share/proto3_description/rviz/display.rviz
[1.281s] -- Installing: /home/prabhakar/sandBox/proto3_ws/install/proto3_description/share/ament_index/resource_index/package_run_dependencies/proto3_description
[1.282s] -- Installing: /home/prabhakar/sandBox/proto3_ws/install/proto3_description/share/ament_index/resource_index/parent_prefix_path/proto3_description
[1.282s] -- Installing: /home/prabhakar/sandBox/proto3_ws/install/proto3_description/share/proto3_description/environment/ament_prefix_path.sh
[1.283s] -- Installing: /home/prabhakar/sandBox/proto3_ws/install/proto3_description/share/proto3_description/environment/ament_prefix_path.dsv
[1.283s] -- Installing: /home/prabhakar/sandBox/proto3_ws/install/proto3_description/share/proto3_description/environment/path.sh
[1.283s] -- Installing: /home/prabhakar/sandBox/proto3_ws/install/proto3_description/share/proto3_description/environment/path.dsv
[1.284s] -- Installing: /home/prabhakar/sandBox/proto3_ws/install/proto3_description/share/proto3_description/local_setup.bash
[1.284s] -- Installing: /home/prabhakar/sandBox/proto3_ws/install/proto3_description/share/proto3_description/local_setup.sh
[1.284s] -- Installing: /home/prabhakar/sandBox/proto3_ws/install/proto3_description/share/proto3_description/local_setup.zsh
[1.285s] -- Installing: /home/prabhakar/sandBox/proto3_ws/install/proto3_description/share/proto3_description/local_setup.dsv
[1.285s] -- Installing: /home/prabhakar/sandBox/proto3_ws/install/proto3_description/share/proto3_description/package.dsv
[1.285s] -- Installing: /home/prabhakar/sandBox/proto3_ws/install/proto3_description/share/ament_index/resource_index/packages/proto3_description
[1.285s] -- Installing: /home/prabhakar/sandBox/proto3_ws/install/proto3_description/share/proto3_description/cmake/proto3_descriptionConfig.cmake
[1.285s] -- Installing: /home/prabhakar/sandBox/proto3_ws/install/proto3_description/share/proto3_description/cmake/proto3_descriptionConfig-version.cmake
[1.286s] -- Installing: /home/prabhakar/sandBox/proto3_ws/install/proto3_description/share/proto3_description/package.xml
[1.290s] Invoked command in '/home/prabhakar/sandBox/proto3_ws/build/proto3_description' returned '0': CMAKE_PREFIX_PATH=/opt/ros/humble /usr/bin/cmake --install /home/prabhakar/sandBox/proto3_ws/build/proto3_description
