-- Install configuration: ""
-- Up-to-date: /home/prabhakar/sandBox/proto3_ws/install/proto3_controller/share/proto3_controller/config
-- Up-to-date: /home/prabhakar/sandBox/proto3_ws/install/proto3_controller/share/proto3_controller/config/proto3_controllers.yaml
-- Up-to-date: /home/prabhakar/sandBox/proto3_ws/install/proto3_controller/share/proto3_controller/launch
-- Up-to-date: /home/prabhakar/sandBox/proto3_ws/install/proto3_controller/share/proto3_controller/launch/controller.launch.py
-- Up-to-date: /home/prabhakar/sandBox/proto3_ws/install/proto3_controller/share/ament_index/resource_index/package_run_dependencies/proto3_controller
-- Up-to-date: /home/prabhakar/sandBox/proto3_ws/install/proto3_controller/share/ament_index/resource_index/parent_prefix_path/proto3_controller
-- Up-to-date: /home/prabhakar/sandBox/proto3_ws/install/proto3_controller/share/proto3_controller/environment/ament_prefix_path.sh
-- Up-to-date: /home/prabhakar/sandBox/proto3_ws/install/proto3_controller/share/proto3_controller/environment/ament_prefix_path.dsv
-- Up-to-date: /home/prabhakar/sandBox/proto3_ws/install/proto3_controller/share/proto3_controller/environment/path.sh
-- Up-to-date: /home/prabhakar/sandBox/proto3_ws/install/proto3_controller/share/proto3_controller/environment/path.dsv
-- Up-to-date: /home/prabhakar/sandBox/proto3_ws/install/proto3_controller/share/proto3_controller/local_setup.bash
-- Up-to-date: /home/prabhakar/sandBox/proto3_ws/install/proto3_controller/share/proto3_controller/local_setup.sh
-- Up-to-date: /home/prabhakar/sandBox/proto3_ws/install/proto3_controller/share/proto3_controller/local_setup.zsh
-- Up-to-date: /home/prabhakar/sandBox/proto3_ws/install/proto3_controller/share/proto3_controller/local_setup.dsv
-- Up-to-date: /home/prabhakar/sandBox/proto3_ws/install/proto3_controller/share/proto3_controller/package.dsv
-- Up-to-date: /home/prabhakar/sandBox/proto3_ws/install/proto3_controller/share/ament_index/resource_index/packages/proto3_controller
-- Up-to-date: /home/prabhakar/sandBox/proto3_ws/install/proto3_controller/share/proto3_controller/cmake/proto3_controllerConfig.cmake
-- Up-to-date: /home/prabhakar/sandBox/proto3_ws/install/proto3_controller/share/proto3_controller/cmake/proto3_controllerConfig-version.cmake
-- Up-to-date: /home/prabhakar/sandBox/proto3_ws/install/proto3_controller/share/proto3_controller/package.xml
