[0.034s] Invoking command in '/home/prabhakar/sandBox/proto3_ws/build/proto3_controller': AMENT_PREFIX_PATH=/home/prabhakar/sandBox/proto3_ws/install/proto3_description:${AMENT_PREFIX_PATH} CMAKE_PREFIX_PATH=/home/prabhakar/sandBox/proto3_ws/install/proto3_description:/opt/ros/humble /usr/bin/cmake --build /home/prabhakar/sandBox/proto3_ws/build/proto3_controller -- -j12 -l12
[0.094s] Invoked command in '/home/prabhakar/sandBox/proto3_ws/build/proto3_controller' returned '0': AMENT_PREFIX_PATH=/home/prabhakar/sandBox/proto3_ws/install/proto3_description:${AMENT_PREFIX_PATH} CMAKE_PREFIX_PATH=/home/prabhakar/sandBox/proto3_ws/install/proto3_description:/opt/ros/humble /usr/bin/cmake --build /home/prabhakar/sandBox/proto3_ws/build/proto3_controller -- -j12 -l12
[0.097s] Invoking command in '/home/prabhakar/sandBox/proto3_ws/build/proto3_controller': AMENT_PREFIX_PATH=/home/prabhakar/sandBox/proto3_ws/install/proto3_description:${AMENT_PREFIX_PATH} CMAKE_PREFIX_PATH=/home/prabhakar/sandBox/proto3_ws/install/proto3_description:/opt/ros/humble /usr/bin/cmake --install /home/prabhakar/sandBox/proto3_ws/build/proto3_controller
[0.106s] -- Install configuration: ""
[0.107s] -- Up-to-date: /home/prabhakar/sandBox/proto3_ws/install/proto3_controller/share/proto3_controller/config
[0.107s] -- Up-to-date: /home/prabhakar/sandBox/proto3_ws/install/proto3_controller/share/proto3_controller/config/proto3_controllers.yaml
[0.107s] -- Up-to-date: /home/prabhakar/sandBox/proto3_ws/install/proto3_controller/share/proto3_controller/launch
[0.108s] -- Up-to-date: /home/prabhakar/sandBox/proto3_ws/install/proto3_controller/share/proto3_controller/launch/controller.launch.py
[0.108s] -- Up-to-date: /home/prabhakar/sandBox/proto3_ws/install/proto3_controller/share/ament_index/resource_index/package_run_dependencies/proto3_controller
[0.108s] -- Up-to-date: /home/prabhakar/sandBox/proto3_ws/install/proto3_controller/share/ament_index/resource_index/parent_prefix_path/proto3_controller
[0.108s] -- Up-to-date: /home/prabhakar/sandBox/proto3_ws/install/proto3_controller/share/proto3_controller/environment/ament_prefix_path.sh
[0.108s] -- Up-to-date: /home/prabhakar/sandBox/proto3_ws/install/proto3_controller/share/proto3_controller/environment/ament_prefix_path.dsv
[0.109s] -- Up-to-date: /home/prabhakar/sandBox/proto3_ws/install/proto3_controller/share/proto3_controller/environment/path.sh
[0.109s] -- Up-to-date: /home/prabhakar/sandBox/proto3_ws/install/proto3_controller/share/proto3_controller/environment/path.dsv
[0.109s] -- Up-to-date: /home/prabhakar/sandBox/proto3_ws/install/proto3_controller/share/proto3_controller/local_setup.bash
[0.111s] -- Up-to-date: /home/prabhakar/sandBox/proto3_ws/install/proto3_controller/share/proto3_controller/local_setup.sh
[0.112s] -- Up-to-date: /home/prabhakar/sandBox/proto3_ws/install/proto3_controller/share/proto3_controller/local_setup.zsh
[0.112s] -- Up-to-date: /home/prabhakar/sandBox/proto3_ws/install/proto3_controller/share/proto3_controller/local_setup.dsv
[0.112s] -- Up-to-date: /home/prabhakar/sandBox/proto3_ws/install/proto3_controller/share/proto3_controller/package.dsv
[0.113s] -- Up-to-date: /home/prabhakar/sandBox/proto3_ws/install/proto3_controller/share/ament_index/resource_index/packages/proto3_controller
[0.113s] -- Up-to-date: /home/prabhakar/sandBox/proto3_ws/install/proto3_controller/share/proto3_controller/cmake/proto3_controllerConfig.cmake
[0.114s] -- Up-to-date: /home/prabhakar/sandBox/proto3_ws/install/proto3_controller/share/proto3_controller/cmake/proto3_controllerConfig-version.cmake
[0.114s] -- Up-to-date: /home/prabhakar/sandBox/proto3_ws/install/proto3_controller/share/proto3_controller/package.xml
[0.114s] Invoked command in '/home/prabhakar/sandBox/proto3_ws/build/proto3_controller' returned '0': AMENT_PREFIX_PATH=/home/prabhakar/sandBox/proto3_ws/install/proto3_description:${AMENT_PREFIX_PATH} CMAKE_PREFIX_PATH=/home/prabhakar/sandBox/proto3_ws/install/proto3_description:/opt/ros/humble /usr/bin/cmake --install /home/prabhakar/sandBox/proto3_ws/build/proto3_controller
